Emulation Parameters:
	number to arrive = 10
	r = 1.5
	B = 2
	tsfile = w2data/f1.txt
00000000.000ms: emulation begins
00000679.133ms: token t1 arrives, token bucket now has 1 token 
00001347.241ms: token t2 arrives, token bucket now has 2 tokens
00002554.317ms: p1 arrives, needs 2 tokens, inter-arrival time = 2554.317ms
00002554.325ms: p1 enters Q1
00002554.329ms: p1 leaves Q1, time in Q1 = 0.002ms, token bucket now has 0 token 
00002554.332ms: p1 enters Q2
00002554.354ms: p1 leaves Q2, time in Q2 = 0.022ms
00002554.361ms: p1 begin service at S1, requesting 518ms of service
00002707.030ms: token t5 arrives, token bucket now has 1 token 
00003089.224ms: p1 departs from S1, servie time = 534.863ms, time in system = 534.907ms
00003379.206ms: token t6 arrives, token bucket now has 2 tokens
00006825.472ms: p2 arrives, needs 1 tokens, inter-arrival time = 4271.155ms
00006825.480ms: p2 enters Q1
00006825.484ms: p2 leaves Q1, time in Q1 = 0.002ms, token bucket now has 1 token 
00006825.487ms: p2 enters Q2
00006825.514ms: p2 leaves Q2, time in Q2 = 0.027ms
00006825.518ms: p2 begin service at S1, requesting 387ms of service
00007229.832ms: p2 departs from S1, servie time = 404.314ms, time in system = 404.360ms
00007457.323ms: token t17 arrives, token bucket now has 2 tokens
00008975.768ms: p3 arrives, needs 1 tokens, inter-arrival time = 2150.296ms
00008975.777ms: p3 enters Q1
00008975.781ms: p3 leaves Q1, time in Q1 = 0.002ms, token bucket now has 1 token 
00008975.783ms: p3 enters Q2
00008975.803ms: p3 leaves Q2, time in Q2 = 0.020ms
00008975.807ms: p3 begin service at S1, requesting 3686ms of service
00009080.864ms: p4 arrives, needs 3 tokens, inter-arrival time = 105.096ms, dropped
00009467.838ms: token t22 arrives, token bucket now has 2 tokens
00009565.095ms: p5 arrives, needs 1 tokens, inter-arrival time = 484.231ms
00009565.102ms: p5 enters Q1
00009565.105ms: p5 leaves Q1, time in Q1 = 0.001ms, token bucket now has 1 token 
00009565.108ms: p5 enters Q2
00009565.120ms: p5 leaves Q2, time in Q2 = 0.012ms
00009565.130ms: p5 begin service at S2, requesting 2664ms of service
00010150.790ms: token t23 arrives, token bucket now has 2 tokens
00012245.826ms: p5 departs from S2, servie time = 2680.696ms, time in system = 2680.731ms
00012530.820ms: p6 arrives, needs 2 tokens, inter-arrival time = 2965.725ms
00012530.828ms: p6 enters Q1
00012530.831ms: p6 leaves Q1, time in Q1 = 0.001ms, token bucket now has 0 token 
00012530.834ms: p6 enters Q2
00012530.848ms: p6 leaves Q2, time in Q2 = 0.014ms
00012530.852ms: p6 begin service at S2, requesting 10000ms of service
00012678.362ms: p3 departs from S1, servie time = 3702.555ms, time in system = 3702.594ms
00012853.543ms: token t30 arrives, token bucket now has 1 token 
00013526.006ms: token t31 arrives, token bucket now has 2 tokens
00015176.476ms: p7 arrives, needs 4 tokens, inter-arrival time = 2645.656ms, dropped
00017309.661ms: p8 arrives, needs 4 tokens, inter-arrival time = 2133.185ms, dropped
00019169.225ms: p9 arrives, needs 1 tokens, inter-arrival time = 1859.564ms
00019169.234ms: p9 enters Q1
00019169.237ms: p9 leaves Q1, time in Q1 = 0.001ms, token bucket now has 1 token 
00019169.240ms: p9 enters Q2
00019169.255ms: p9 leaves Q2, time in Q2 = 0.015ms
00019169.259ms: p9 begin service at S1, requesting 1414ms of service
00019662.535ms: token t48 arrives, token bucket now has 2 tokens
00019687.347ms: p10 arrives, needs 1 tokens, inter-arrival time = 518.122ms
00019687.356ms: p10 enters Q1
00019687.358ms: p10 leaves Q1, time in Q1 = 0.001ms, token bucket now has 1 token 
00019687.361ms: p10 enters Q2
00020344.661ms: token t49 arrives, token bucket now has 2 tokens
00020593.624ms: p9 departs from S1, servie time = 1424.365ms, time in system = 1424.399ms
00020593.636ms: p10 leaves Q2, time in Q2 = 906.275ms
00020593.639ms: p10 begin service at S1, requesting 2562ms of service
00022548.214ms: p6 departs from S2, servie time = 10017.362ms, time in system = 10017.394ms
00023174.818ms: p10 departs from S1, servie time = 2581.179ms, time in system = 3487.471ms
00023174.926ms: emulation ends
	average packet inter-arrival time time = 1.96873
	average packet service time = 3.04933

	average number of packets in Q1 = 4.315e-07
	average number of packets in Q2 = 0.0391106
	average number of packets in S1 = 0.373131
	average number of packets in S2 = 0.547922
	average time a packet spent in system = 3.17884
	standard deviation for time spent in system = 3.05075

	token drop probability = 0
	packet drop probability = 0.3

