Emulation Parameters:
	number to arrive = 20
	r = 4.5
	B = 10
	tsfile = w2data/f3.txt
00000000.000ms: emulation begins
00000224.893ms: token t1 arrives, token bucket now has 1 token 
00000424.939ms: p1 arrives, needs 1 tokens, inter-arrival time = 424.939ms
00000424.946ms: p1 enters Q1
00000424.950ms: p1 leaves Q1, time in Q1 = 0.002ms, token bucket now has 0 token 
00000424.953ms: p1 enters Q2
00000424.973ms: p1 leaves Q2, time in Q2 = 0.020ms
00000424.980ms: p1 begin service at S1, requesting 46ms of service
00000465.150ms: token t2 arrives, token bucket now has 1 token 
00000488.806ms: p1 departs from S1, servie time = 63.826ms, time in system = 63.867ms
00000700.028ms: token t3 arrives, token bucket now has 2 tokens
00000700.043ms: p2 arrives, needs 4 tokens, inter-arrival time = 275.104ms
00000700.045ms: p2 enters Q1
00000941.201ms: token t4 arrives, token bucket now has 3 tokens
00001098.872ms: p3 arrives, needs 6 tokens, inter-arrival time = 398.829ms
00001098.881ms: p3 enters Q1
00001180.733ms: token t5 arrives, token bucket now has 4 tokens
00001180.742ms: p2 leaves Q1, time in Q1 = 480.695ms, token bucket now has 0 token 
00001180.769ms: p2 enters Q2
00001180.819ms: p2 leaves Q2, time in Q2 = 0.050ms
00001180.825ms: p2 begin service at S1, requesting 792ms of service
00001180.835ms: p4 arrives, needs 1 tokens, inter-arrival time = 81.963ms
00001180.838ms: p4 enters Q1
00001422.831ms: token t6 arrives, token bucket now has 1 token 
00001446.998ms: p5 arrives, needs 1 tokens, inter-arrival time = 266.163ms
00001447.006ms: p5 enters Q1
00001640.751ms: p6 arrives, needs 2 tokens, inter-arrival time = 193.753ms
00001640.760ms: p6 enters Q1
00001658.652ms: token t7 arrives, token bucket now has 2 tokens
00001737.684ms: p7 arrives, needs 5 tokens, inter-arrival time = 96.933ms
00001737.692ms: p7 enters Q1
00001897.603ms: token t8 arrives, token bucket now has 3 tokens
00001990.260ms: p2 departs from S1, servie time = 809.435ms, time in system = 1290.217ms
00002125.925ms: token t9 arrives, token bucket now has 4 tokens
00002152.609ms: p8 arrives, needs 6 tokens, inter-arrival time = 414.925ms
00002152.617ms: p8 enters Q1
00002277.706ms: p9 arrives, needs 2 tokens, inter-arrival time = 125.097ms
00002277.714ms: p9 enters Q1
00002361.766ms: token t10 arrives, token bucket now has 5 tokens
00002594.729ms: token t11 arrives, token bucket now has 6 tokens
00002594.737ms: p3 leaves Q1, time in Q1 = 1495.854ms, token bucket now has 0 token 
00002594.741ms: p3 enters Q2
00002594.752ms: p3 leaves Q2, time in Q2 = 0.011ms
00002594.755ms: p3 begin service at S1, requesting 1111ms of service
00002653.964ms: p10 arrives, needs 2 tokens, inter-arrival time = 376.258ms
00002653.973ms: p10 enters Q1
00002832.438ms: token t12 arrives, token bucket now has 1 token 
00002832.447ms: p4 leaves Q1, time in Q1 = 1651.608ms, token bucket now has 0 token 
00002832.451ms: p4 enters Q2
00002832.483ms: p4 leaves Q2, time in Q2 = 0.032ms
00002832.494ms: p4 begin service at S2, requesting 1025ms of service
00003057.877ms: token t13 arrives, token bucket now has 1 token 
00003057.886ms: p5 leaves Q1, time in Q1 = 1610.878ms, token bucket now has 0 token 
00003057.889ms: p5 enters Q2
00003245.804ms: p11 arrives, needs 5 tokens, inter-arrival time = 591.840ms
00003245.812ms: p11 enters Q1
00003287.521ms: token t14 arrives, token bucket now has 1 token 
00003544.353ms: token t15 arrives, token bucket now has 2 tokens
00003544.361ms: p6 leaves Q1, time in Q1 = 1903.583ms, token bucket now has 0 token 
00003544.365ms: p6 enters Q2
00003721.723ms: p3 departs from S1, servie time = 1126.968ms, time in system = 2622.851ms
00003721.733ms: p5 leaves Q2, time in Q2 = 663.844ms
00003721.736ms: p5 begin service at S1, requesting 135ms of service
00003781.741ms: token t16 arrives, token bucket now has 1 token 
00003804.524ms: p12 arrives, needs 6 tokens, inter-arrival time = 558.720ms
00003804.530ms: p12 enters Q1
00003874.750ms: p4 departs from S2, servie time = 1042.256ms, time in system = 2693.915ms
00003874.759ms: p6 leaves Q2, time in Q2 = 330.394ms
00003874.762ms: p6 begin service at S2, requesting 730ms of service
00003874.778ms: p5 departs from S1, servie time = 153.042ms, time in system = 2427.780ms
00003956.316ms: p13 arrives, needs 1 tokens, inter-arrival time = 151.792ms
00003956.324ms: p13 enters Q1
00004019.609ms: token t17 arrives, token bucket now has 2 tokens
00004151.433ms: p14 arrives, needs 6 tokens, inter-arrival time = 195.117ms
00004151.452ms: p14 enters Q1
00004228.458ms: p15 arrives, needs 3 tokens, inter-arrival time = 77.025ms
00004228.466ms: p15 enters Q1
00004258.429ms: token t18 arrives, token bucket now has 3 tokens
00004279.840ms: p16 arrives, needs 6 tokens, inter-arrival time = 51.382ms
00004279.847ms: p16 enters Q1
00004395.980ms: p17 arrives, needs 6 tokens, inter-arrival time = 116.140ms
00004395.987ms: p17 enters Q1
00004496.864ms: token t19 arrives, token bucket now has 4 tokens
00004557.196ms: p18 arrives, needs 3 tokens, inter-arrival time = 161.216ms
00004557.234ms: p18 enters Q1
00004599.008ms: p19 arrives, needs 5 tokens, inter-arrival time = 41.812ms
00004599.016ms: p19 enters Q1
00004618.042ms: p6 departs from S2, servie time = 743.280ms, time in system = 2977.291ms
00004727.666ms: token t20 arrives, token bucket now has 5 tokens
00004727.674ms: p7 leaves Q1, time in Q1 = 2989.980ms, token bucket now has 0 token 
00004727.677ms: p7 enters Q2
00004727.690ms: p7 leaves Q2, time in Q2 = 0.013ms
00004727.694ms: p7 begin service at S2, requesting 1210ms of service
00004947.461ms: p20 arrives, needs 4 tokens, inter-arrival time = 348.453ms
00004947.472ms: p20 enters Q1
00004967.181ms: token t21 arrives, token bucket now has 1 token 
00005197.119ms: token t22 arrives, token bucket now has 2 tokens
00005430.074ms: token t23 arrives, token bucket now has 3 tokens
00005668.054ms: token t24 arrives, token bucket now has 4 tokens
00005894.606ms: token t25 arrives, token bucket now has 5 tokens
00005955.870ms: p7 departs from S2, servie time = 1228.176ms, time in system = 4218.186ms
00006135.211ms: token t26 arrives, token bucket now has 6 tokens
00006135.224ms: p8 leaves Q1, time in Q1 = 3982.605ms, token bucket now has 0 token 
00006135.230ms: p8 enters Q2
00006135.250ms: p8 leaves Q2, time in Q2 = 0.020ms
00006135.256ms: p8 begin service at S2, requesting 138ms of service
00006274.054ms: p8 departs from S2, servie time = 138.798ms, time in system = 4121.445ms
00006358.155ms: token t27 arrives, token bucket now has 1 token 
00006590.648ms: token t28 arrives, token bucket now has 2 tokens
00006590.655ms: p9 leaves Q1, time in Q1 = 4312.939ms, token bucket now has 0 token 
00006590.659ms: p9 enters Q2
00006590.670ms: p9 leaves Q2, time in Q2 = 0.011ms
00006590.674ms: p9 begin service at S2, requesting 512ms of service
00006820.205ms: token t29 arrives, token bucket now has 1 token 
00007058.697ms: token t30 arrives, token bucket now has 2 tokens
00007058.705ms: p10 leaves Q1, time in Q1 = 4404.731ms, token bucket now has 0 token 
00007058.709ms: p10 enters Q2
00007058.740ms: p10 leaves Q2, time in Q2 = 0.031ms
00007058.744ms: p10 begin service at S1, requesting 354ms of service
00007117.143ms: p9 departs from S2, servie time = 526.469ms, time in system = 4839.437ms
00007309.625ms: token t31 arrives, token bucket now has 1 token 
00007429.368ms: p10 departs from S1, servie time = 370.624ms, time in system = 4775.404ms
00007548.102ms: token t32 arrives, token bucket now has 2 tokens
00007786.868ms: token t33 arrives, token bucket now has 3 tokens
00008024.744ms: token t34 arrives, token bucket now has 4 tokens
00008263.427ms: token t35 arrives, token bucket now has 5 tokens
00008263.435ms: p11 leaves Q1, time in Q1 = 5017.622ms, token bucket now has 0 token 
00008263.439ms: p11 enters Q2
00008263.453ms: p11 leaves Q2, time in Q2 = 0.014ms
00008263.457ms: p11 begin service at S1, requesting 651ms of service
00008502.699ms: token t36 arrives, token bucket now has 1 token 
00008742.019ms: token t37 arrives, token bucket now has 2 tokens
00008931.087ms: p11 departs from S1, servie time = 667.630ms, time in system = 5685.283ms
00008972.611ms: token t38 arrives, token bucket now has 3 tokens
00009208.856ms: token t39 arrives, token bucket now has 4 tokens
00009447.286ms: token t40 arrives, token bucket now has 5 tokens
00009685.228ms: token t41 arrives, token bucket now has 6 tokens
00009685.237ms: p12 leaves Q1, time in Q1 = 5880.705ms, token bucket now has 0 token 
00009685.240ms: p12 enters Q2
00009685.253ms: p12 leaves Q2, time in Q2 = 0.013ms
00009685.257ms: p12 begin service at S1, requesting 1209ms of service
00009923.238ms: token t42 arrives, token bucket now has 1 token 
00009923.247ms: p13 leaves Q1, time in Q1 = 5966.921ms, token bucket now has 0 token 
00009923.251ms: p13 enters Q2
00009923.264ms: p13 leaves Q2, time in Q2 = 0.013ms
00009923.267ms: p13 begin service at S2, requesting 1175ms of service
00010160.711ms: token t43 arrives, token bucket now has 1 token 
00010400.468ms: token t44 arrives, token bucket now has 2 tokens
00010629.813ms: token t45 arrives, token bucket now has 3 tokens
00010860.483ms: token t46 arrives, token bucket now has 4 tokens
00010909.840ms: p12 departs from S1, servie time = 1224.583ms, time in system = 7105.316ms
00011084.313ms: token t47 arrives, token bucket now has 5 tokens
00011119.106ms: p13 departs from S2, servie time = 1195.839ms, time in system = 7162.790ms
00011323.367ms: token t48 arrives, token bucket now has 6 tokens
00011323.375ms: p14 leaves Q1, time in Q1 = 7171.920ms, token bucket now has 0 token 
00011323.378ms: p14 enters Q2
00011323.392ms: p14 leaves Q2, time in Q2 = 0.014ms
00011323.396ms: p14 begin service at S2, requesting 397ms of service
00011562.233ms: token t49 arrives, token bucket now has 1 token 
00011722.049ms: p14 departs from S2, servie time = 398.653ms, time in system = 7570.616ms
00011801.623ms: token t50 arrives, token bucket now has 2 tokens
00012027.751ms: token t51 arrives, token bucket now has 3 tokens
00012027.759ms: p15 leaves Q1, time in Q1 = 7799.291ms, token bucket now has 0 token 
00012027.762ms: p15 enters Q2
00012027.777ms: p15 leaves Q2, time in Q2 = 0.015ms
00012027.781ms: p15 begin service at S2, requesting 305ms of service
00012264.537ms: token t52 arrives, token bucket now has 1 token 
00012347.672ms: p15 departs from S2, servie time = 319.891ms, time in system = 8119.214ms
00012504.269ms: token t53 arrives, token bucket now has 2 tokens
00012745.262ms: token t54 arrives, token bucket now has 3 tokens
00012983.305ms: token t55 arrives, token bucket now has 4 tokens
00013207.554ms: token t56 arrives, token bucket now has 5 tokens
00013446.191ms: token t57 arrives, token bucket now has 6 tokens
00013446.199ms: p16 leaves Q1, time in Q1 = 9166.350ms, token bucket now has 0 token 
00013446.203ms: p16 enters Q2
00013446.216ms: p16 leaves Q2, time in Q2 = 0.013ms
00013446.221ms: p16 begin service at S2, requesting 1049ms of service
00013684.536ms: token t58 arrives, token bucket now has 1 token 
00013922.606ms: token t59 arrives, token bucket now has 2 tokens
00014161.451ms: token t60 arrives, token bucket now has 3 tokens
00014399.736ms: token t61 arrives, token bucket now has 4 tokens
00014509.714ms: p16 departs from S2, servie time = 1063.493ms, time in system = 10229.874ms
00014633.865ms: token t62 arrives, token bucket now has 5 tokens
00014872.049ms: token t63 arrives, token bucket now has 6 tokens
00014872.058ms: p17 leaves Q1, time in Q1 = 10476.069ms, token bucket now has 0 token 
00014872.062ms: p17 enters Q2
00014872.075ms: p17 leaves Q2, time in Q2 = 0.013ms
00014872.079ms: p17 begin service at S2, requesting 589ms of service
00015110.691ms: token t64 arrives, token bucket now has 1 token 
00015349.012ms: token t65 arrives, token bucket now has 2 tokens
00015477.375ms: p17 departs from S2, servie time = 605.296ms, time in system = 11081.395ms
00015587.492ms: token t66 arrives, token bucket now has 3 tokens
00015587.500ms: p18 leaves Q1, time in Q1 = 11030.263ms, token bucket now has 0 token 
00015587.504ms: p18 enters Q2
00015587.518ms: p18 leaves Q2, time in Q2 = 0.014ms
00015587.521ms: p18 begin service at S2, requesting 950ms of service
00015825.897ms: token t67 arrives, token bucket now has 1 token 
00016065.670ms: token t68 arrives, token bucket now has 2 tokens
00016303.731ms: token t69 arrives, token bucket now has 3 tokens
00016537.053ms: token t70 arrives, token bucket now has 4 tokens
00016554.324ms: p18 departs from S2, servie time = 966.803ms, time in system = 11997.128ms
00016775.567ms: token t71 arrives, token bucket now has 5 tokens
00016775.576ms: p19 leaves Q1, time in Q1 = 12176.558ms, token bucket now has 0 token 
00016775.579ms: p19 enters Q2
00016775.594ms: p19 leaves Q2, time in Q2 = 0.015ms
00016775.598ms: p19 begin service at S2, requesting 878ms of service
00017014.059ms: token t72 arrives, token bucket now has 1 token 
00017277.180ms: token t73 arrives, token bucket now has 2 tokens
00017516.263ms: token t74 arrives, token bucket now has 3 tokens
00017680.989ms: p19 departs from S2, servie time = 905.391ms, time in system = 13081.981ms
00017755.672ms: token t75 arrives, token bucket now has 4 tokens
00017755.681ms: p20 leaves Q1, time in Q1 = 12808.206ms, token bucket now has 0 token 
00017755.684ms: p20 enters Q2
00017755.698ms: p20 leaves Q2, time in Q2 = 0.014ms
00017755.702ms: p20 begin service at S2, requesting 181ms of service
00017953.374ms: p20 departs from S2, servie time = 197.672ms, time in system = 13005.913ms
00017953.493ms: emulation ends
	average packet inter-arrival time time = 0.247373
	average packet service time = 0.687406

	average number of packets in Q1 = 6.14514
	average number of packets in Q2 = 0.0553967
	average number of packets in S1 = 0.245975
	average number of packets in S2 = 0.519788
	average time a packet spent in system = 6.2535
	standard deviation for time spent in system = 3.86305

	token drop probability = 0
	packet drop probability = 0

