Emulation Parameters:
	number to arrive = 33
	r = 5
	B = 1
	tsfile = w2data/f7.txt
00000000.000ms: emulation begins
00000217.485ms: token t1 arrives, token bucket now has 1 token 
00000649.722ms: p1 arrives, needs 3 tokens, inter-arrival time = 649.722ms, dropped
00001476.090ms: p2 arrives, needs 2 tokens, inter-arrival time = 826.368ms, dropped
00001785.872ms: p3 arrives, needs 5 tokens, inter-arrival time = 309.782ms, dropped
00002320.257ms: p4 arrives, needs 3 tokens, inter-arrival time = 534.385ms, dropped
00002718.964ms: p5 arrives, needs 5 tokens, inter-arrival time = 398.707ms, dropped
00003358.112ms: p6 arrives, needs 2 tokens, inter-arrival time = 639.148ms, dropped
00003830.249ms: p7 arrives, needs 1 tokens, inter-arrival time = 472.137ms
00003830.257ms: p7 enters Q1
00003830.263ms: p7 leaves Q1, time in Q1 = 0.004ms, token bucket now has 0 token 
00003830.266ms: p7 enters Q2
00003830.281ms: p7 leaves Q2, time in Q2 = 0.015ms
00003830.293ms: p7 begin service at S1, requesting 913ms of service
00003830.308ms: token t34 arrives, token bucket now has 1 token 
00003935.116ms: p8 arrives, needs 3 tokens, inter-arrival time = 104.867ms, dropped
00004236.943ms: p9 arrives, needs 1 tokens, inter-arrival time = 301.827ms
00004236.950ms: p9 enters Q1
00004236.953ms: p9 leaves Q1, time in Q1 = 0.001ms, token bucket now has 0 token 
00004236.956ms: p9 enters Q2
00004236.970ms: p9 leaves Q2, time in Q2 = 0.014ms
00004236.981ms: p9 begin service at S2, requesting 319ms of service
00004257.271ms: token t37 arrives, token bucket now has 1 token 
00004298.491ms: p10 arrives, needs 3 tokens, inter-arrival time = 61.548ms, dropped
00004573.728ms: p9 departs from S2, servie time = 336.747ms, time in system = 336.785ms
00004761.879ms: p7 departs from S1, servie time = 931.586ms, time in system = 931.630ms
00004761.891ms: p11 arrives, needs 5 tokens, inter-arrival time = 463.400ms, dropped
00005541.744ms: p12 arrives, needs 1 tokens, inter-arrival time = 779.853ms
00005541.753ms: p12 enters Q1
00005541.756ms: p12 leaves Q1, time in Q1 = 0.002ms, token bucket now has 0 token 
00005541.758ms: p12 enters Q2
00005541.772ms: p12 leaves Q2, time in Q2 = 0.014ms
00005541.776ms: p12 begin service at S1, requesting 235ms of service
00005560.081ms: token t48 arrives, token bucket now has 1 token 
00005781.668ms: p12 departs from S1, servie time = 239.892ms, time in system = 239.924ms
00006193.169ms: p13 arrives, needs 2 tokens, inter-arrival time = 651.425ms, dropped
00006880.036ms: p14 arrives, needs 5 tokens, inter-arrival time = 686.867ms, dropped
00007821.532ms: p15 arrives, needs 2 tokens, inter-arrival time = 941.496ms, dropped
00008264.644ms: p16 arrives, needs 4 tokens, inter-arrival time = 443.112ms, dropped
00008531.290ms: p17 arrives, needs 1 tokens, inter-arrival time = 266.646ms
00008531.298ms: p17 enters Q1
00008531.301ms: p17 leaves Q1, time in Q1 = 0.001ms, token bucket now has 0 token 
00008531.304ms: p17 enters Q2
00008531.319ms: p17 leaves Q2, time in Q2 = 0.015ms
00008531.323ms: p17 begin service at S1, requesting 247ms of service
00008531.337ms: token t75 arrives, token bucket now has 1 token 
00008789.637ms: p17 departs from S1, servie time = 258.314ms, time in system = 258.347ms
00009513.993ms: p18 arrives, needs 1 tokens, inter-arrival time = 982.703ms
00009514.002ms: p18 enters Q1
00009514.023ms: p18 leaves Q1, time in Q1 = 0.001ms, token bucket now has 0 token 
00009514.027ms: p18 enters Q2
00009514.044ms: p18 leaves Q2, time in Q2 = 0.017ms
00009514.049ms: p18 begin service at S2, requesting 988ms of service
00009605.187ms: token t84 arrives, token bucket now has 1 token 
00009689.022ms: p19 arrives, needs 3 tokens, inter-arrival time = 175.029ms, dropped
00010045.776ms: p20 arrives, needs 2 tokens, inter-arrival time = 356.754ms, dropped
00010505.707ms: p18 departs from S2, servie time = 991.658ms, time in system = 991.714ms
00010743.760ms: p21 arrives, needs 3 tokens, inter-arrival time = 697.984ms, dropped
00011235.270ms: p22 arrives, needs 3 tokens, inter-arrival time = 491.510ms, dropped
00011507.108ms: p23 arrives, needs 4 tokens, inter-arrival time = 271.838ms, dropped
00012232.761ms: p24 arrives, needs 2 tokens, inter-arrival time = 725.653ms, dropped
00012950.271ms: p25 arrives, needs 1 tokens, inter-arrival time = 717.510ms
00012950.280ms: p25 enters Q1
00012950.283ms: p25 leaves Q1, time in Q1 = 0.001ms, token bucket now has 0 token 
00012950.286ms: p25 enters Q2
00012950.320ms: p25 leaves Q2, time in Q2 = 0.034ms
00012950.326ms: p25 begin service at S1, requesting 826ms of service
00013012.593ms: token t115 arrives, token bucket now has 1 token 
00013207.156ms: p26 arrives, needs 1 tokens, inter-arrival time = 256.885ms
00013207.168ms: p26 enters Q1
00013207.172ms: p26 leaves Q1, time in Q1 = 0.002ms, token bucket now has 0 token 
00013207.176ms: p26 enters Q2
00013207.196ms: p26 leaves Q2, time in Q2 = 0.020ms
00013207.201ms: p26 begin service at S2, requesting 297ms of service
00013230.044ms: token t116 arrives, token bucket now has 1 token 
00013524.212ms: p26 departs from S2, servie time = 317.011ms, time in system = 317.056ms
00013782.069ms: p25 departs from S1, servie time = 831.743ms, time in system = 831.798ms
00014011.187ms: p27 arrives, needs 2 tokens, inter-arrival time = 804.031ms, dropped
00014252.842ms: p28 arrives, needs 5 tokens, inter-arrival time = 241.655ms, dropped
00014276.305ms: p29 arrives, needs 4 tokens, inter-arrival time = 23.463ms, dropped
00014609.853ms: p30 arrives, needs 1 tokens, inter-arrival time = 333.548ms
00014609.861ms: p30 enters Q1
00014609.865ms: p30 leaves Q1, time in Q1 = 0.001ms, token bucket now has 0 token 
00014609.868ms: p30 enters Q2
00014609.884ms: p30 leaves Q2, time in Q2 = 0.016ms
00014609.888ms: p30 begin service at S2, requesting 570ms of service
00014696.854ms: p31 arrives, needs 3 tokens, inter-arrival time = 87.001ms, dropped
00014730.237ms: token t129 arrives, token bucket now has 1 token 
00015049.651ms: p32 arrives, needs 5 tokens, inter-arrival time = 352.797ms, dropped
00015197.536ms: p30 departs from S2, servie time = 587.648ms, time in system = 587.683ms
00015664.029ms: p33 arrives, needs 2 tokens, inter-arrival time = 614.378ms, dropped
00015793.294ms: emulation ends
	average packet inter-arrival time time = 0.474668
	average packet service time = 0.561825

	average number of packets in Q1 = 8.23118e-07
	average number of packets in Q2 = 9.1811e-06
	average number of packets in S1 = 0.143196
	average number of packets in S2 = 0.141393
	average time a packet spent in system = 0.561867
	standard deviation for time spent in system = 0.296097

	token drop probability = 0
	packet drop probability = 0.757576

